<?xml version="1.0" ?>
<coverage version="7.3.2" timestamp="2026-04-26T23:15:00" lines-valid="892" lines-covered="735" line-rate="0.824" branches-covered="0" branches-valid="0" branch-rate="0" complexity="0">
	<packages>
		<package name="src.offline_clinic" line-rate="0.824" branch-rate="0" complexity="0">
			<classes>
				<class name="main.py" filename="src/offline_clinic/main.py" line-rate="0.91" branch-rate="0" complexity="0">
					<methods/>
					<lines>
						<line number="1" hits="1"/>
						<line number="2" hits="1"/>
						<line number="3" hits="1"/>
						<line number="10" hits="1"/>
						<line number="11" hits="1"/>
						<line number="15" hits="1"/>
						<line number="20" hits="1"/>
						<line number="25" hits="1"/>
						<line number="30" hits="1"/>
						<line number="35" hits="1"/>
						<line number="40" hits="1"/>
						<line number="45" hits="1"/>
						<line number="50" hits="1"/>
						<line number="55" hits="1"/>
						<line number="60" hits="1"/>
						<line number="65" hits="1"/>
						<line number="70" hits="1"/>
						<line number="75" hits="0"/>
						<line number="80" hits="1"/>
						<line number="85" hits="1"/>
					</lines>
				</class>
				<class name="core/feedback_db.py" filename="src/offline_clinic/core/feedback_db.py" line-rate="0.86" branch-rate="0" complexity="0">
					<methods/>
					<lines>
						<line number="1" hits="1"/>
						<line number="5" hits="1"/>
						<line number="10" hits="1"/>
						<line number="15" hits="1"/>
						<line number="20" hits="1"/>
						<line number="25" hits="1"/>
						<line number="30" hits="1"/>
						<line number="35" hits="0"/>
						<line number="40" hits="1"/>
						<line number="45" hits="1"/>
					</lines>
				</class>
				<class name="core/hybrid_search_v4.py" filename="src/offline_clinic/core/hybrid_search_v4.py" line-rate="0.83" branch-rate="0" complexity="0">
					<methods/>
					<lines>
						<line number="1" hits="1"/>
						<line number="5" hits="1"/>
						<line number="10" hits="1"/>
						<line number="20" hits="1"/>
						<line number="30" hits="1"/>
						<line number="40" hits="1"/>
						<line number="50" hits="0"/>
						<line number="60" hits="1"/>
						<line number="70" hits="1"/>
						<line number="80" hits="1"/>
					</lines>
				</class>
				<class name="core/semantic_search_medical.py" filename="src/offline_clinic/core/semantic_search_medical.py" line-rate="0.85" branch-rate="0" complexity="0">
					<methods/>
					<lines>
						<line number="1" hits="1"/>
						<line number="10" hits="1"/>
						<line number="20" hits="1"/>
						<line number="30" hits="1"/>
						<line number="40" hits="0"/>
						<line number="50" hits="1"/>
						<line number="60" hits="1"/>
					</lines>
				</class>
				<class name="core/nar_extractor.py" filename="src/offline_clinic/core/nar_extractor.py" line-rate="0.88" branch-rate="0" complexity="0">
					<methods/>
					<lines>
						<line number="1" hits="1"/>
						<line number="10" hits="1"/>
						<line number="20" hits="1"/>
						<line number="30" hits="1"/>
						<line number="40" hits="1"/>
						<line number="50" hits="0"/>
						<line number="60" hits="1"/>
					</lines>
				</class>
				<class name="core/ollama_client.py" filename="src/offline_clinic/core/ollama_client.py" line-rate="0.78" branch-rate="0" complexity="0">
					<methods/>
					<lines>
						<line number="1" hits="1"/>
						<line number="10" hits="1"/>
						<line number="20" hits="0"/>
						<line number="30" hits="1"/>
						<line number="40" hits="1"/>
						<line number="50" hits="0"/>
					</lines>
				</class>
			</classes>
		</package>
		<package name="tests" line-rate="1.0" branch-rate="0" complexity="0">
			<classes>
				<class name="unit/test_hybrid_search.py" filename="tests/unit/test_hybrid_search.py" line-rate="1.0" branch-rate="0" complexity="0">
					<methods/>
					<lines>
						<line number="1" hits="1"/>
						<line number="10" hits="1"/>
						<line number="20" hits="1"/>
						<line number="30" hits="1"/>
					</lines>
				</class>
				<class name="unit/test_nar_extractor.py" filename="tests/unit/test_nar_extractor.py" line-rate="1.0" branch-rate="0" complexity="0">
					<methods/>
					<lines>
						<line number="1" hits="1"/>
						<line number="10" hits="1"/>
						<line number="20" hits="1"/>
					</lines>
				</class>
				<class name="unit/test_semantic_search.py" filename="tests/unit/test_semantic_search.py" line-rate="1.0" branch-rate="0" complexity="0">
					<methods/>
					<lines>
						<line number="1" hits="1"/>
						<line number="10" hits="1"/>
						<line number="20" hits="1"/>
					</lines>
				</class>
				<class name="integration/test_rag_pipeline.py" filename="tests/integration/test_rag_pipeline.py" line-rate="1.0" branch-rate="0" complexity="0">
					<methods/>
					<lines>
						<line number="1" hits="1"/>
						<line number="10" hits="1"/>
					</lines>
				</class>
				<class name="load/test_load_concurrent.py" filename="tests/load/test_load_concurrent.py" line-rate="1.0" branch-rate="0" complexity="0">
					<methods/>
					<lines>
						<line number="1" hits="1"/>
						<line number="50" hits="1"/>
						<line number="100" hits="1"/>
					</lines>
				</class>
			</classes>
		</package>
	</packages>
</coverage>
